2018-10-05 23:47:44,570 DEBUG - Logging Provider: org.jboss.logging.Log4jLoggerProvider
2018-10-05 23:48:04,852 INFO  - all users:[User{id=158, surname='ads', name='asd', age=12, number=98}, User{id=50, surname='Jason', name='Lebron', age=300, number=101}, User{id=5, surname='Bure', name='Pavel', age=29, number=100}, User{id=156, surname='Carry', name='Stephen', age=30, number=99}, User{id=157, surname='Block', name='Stephen', age=30, number=102}]
2018-10-05 23:48:10,961 INFO  - user opened the option2 page
2018-10-05 23:52:51,740 DEBUG - Logging Provider: org.jboss.logging.Log4jLoggerProvider
2018-10-05 23:53:19,593 INFO  - user opened the option2 page
2018-10-05 23:53:20,582 INFO  - all users:[User{id=158, surname='ads', name='asd', age=12, number=98}, User{id=50, surname='Jason', name='Lebron', age=300, number=101}, User{id=5, surname='Bure', name='Pavel', age=29, number=100}, User{id=156, surname='Carry', name='Stephen', age=30, number=99}, User{id=157, surname='Block', name='Stephen', age=30, number=102}]
2018-10-05 23:53:31,821 ERROR - first user: UserGrid{id=1644470949134066, surname='', name='', login=''}
2018-10-05 23:53:31,823 ERROR - "Users had been saved"
2018-10-05 23:55:58,602 INFO  - Save or update (commit):User{id=159, surname='Jason', name='Lebron', age=29, number=103}
2018-10-05 23:56:04,059 INFO  - all users:[User{id=158, surname='ads', name='asd', age=12, number=98}, User{id=50, surname='Jason', name='Lebron', age=300, number=101}, User{id=159, surname='Jason', name='Lebron', age=29, number=103}, User{id=5, surname='Bure', name='Pavel', age=29, number=100}, User{id=156, surname='Carry', name='Stephen', age=30, number=99}, User{id=157, surname='Block', name='Stephen', age=30, number=102}]
2018-10-05 23:58:11,069 INFO  - user opened the option2 page
2018-10-06 00:07:18,156 DEBUG - Logging Provider: org.jboss.logging.Log4jLoggerProvider
2018-10-06 00:07:39,016 INFO  - all users:[User{id=158, surname='ads', name='asd', age=12, number=98}, User{id=156, surname='Carry', name='Stephen', age=30, number=99}, User{id=5, surname='Bure', name='Pavel', age=29, number=100}, User{id=50, surname='Jason', name='Lebron', age=300, number=101}, User{id=157, surname='Block', name='Stephen', age=30, number=102}, User{id=159, surname='Jason', name='Lebron', age=29, number=103}]
2018-10-06 00:07:39,770 INFO  - user opened the option2 page
2018-10-06 00:08:55,958 INFO  - user opened the option2 page
2018-10-06 00:10:04,690 INFO  - user opened the option2 page
2018-10-06 00:11:37,211 INFO  - user opened the option2 page
2018-10-06 00:13:33,048 INFO  - user opened the option2 page
2018-10-06 00:14:29,776 INFO  - user opened the option2 page
2018-10-06 00:18:39,992 INFO  - user opened the option2 page
2018-10-06 00:19:04,220 INFO  - user opened the option2 page
2018-10-06 00:19:47,659 INFO  - user opened the option2 page
2018-10-06 00:20:57,177 INFO  - user opened the option2 page
2018-10-06 00:21:30,562 INFO  - user opened the option2 page
2018-10-06 00:23:35,070 INFO  - user opened the option2 page
2018-10-06 00:24:09,938 INFO  - user opened the option2 page
2018-10-06 00:25:23,580 INFO  - user opened the option2 page
2018-10-06 00:26:10,229 INFO  - user opened the option2 page
2018-10-06 00:26:58,347 INFO  - user opened the option2 page
2018-10-06 00:28:08,667 INFO  - user opened the option2 page
2018-10-06 00:28:40,391 INFO  - user opened the option2 page
2018-10-06 00:29:00,739 INFO  - user opened the option2 page
2018-10-06 00:29:45,469 INFO  - user opened the option2 page
2018-10-06 00:32:41,254 INFO  - user opened the option2 page
2018-10-06 00:37:20,326 INFO  - user opened the option2 page
2018-10-06 00:37:58,628 INFO  - all users:[User{id=158, surname='ads', name='asd', age=12, number=98}, User{id=156, surname='Carry', name='Stephen', age=30, number=99}, User{id=5, surname='Bure', name='Pavel', age=29, number=100}, User{id=50, surname='Jason', name='Lebron', age=300, number=101}, User{id=157, surname='Block', name='Stephen', age=30, number=102}, User{id=159, surname='Jason', name='Lebron', age=29, number=103}]
2018-10-06 00:39:31,102 INFO  - user opened the option2 page
2018-10-06 00:41:24,777 INFO  - user opened the option2 page
2018-10-06 00:45:01,955 DEBUG - Logging Provider: org.jboss.logging.Log4jLoggerProvider
2018-10-06 00:45:24,814 INFO  - user opened the option2 page
2018-10-06 00:45:25,493 INFO  - all users:[User{id=158, surname='ads', name='asd', age=12, number=98}, User{id=156, surname='Carry', name='Stephen', age=30, number=99}, User{id=5, surname='Bure', name='Pavel', age=29, number=100}, User{id=50, surname='Jason', name='Lebron', age=300, number=101}, User{id=157, surname='Block', name='Stephen', age=30, number=102}, User{id=159, surname='Jason', name='Lebron', age=29, number=103}]
2018-10-06 00:47:15,684 INFO  - user opened the option2 page
2018-10-06 00:49:10,157 DEBUG - Logging Provider: org.jboss.logging.Log4jLoggerProvider
2018-10-06 00:49:29,397 INFO  - all users:[User{id=158, surname='ads', name='asd', age=12, number=98}, User{id=156, surname='Carry', name='Stephen', age=30, number=99}, User{id=5, surname='Bure', name='Pavel', age=29, number=100}, User{id=50, surname='Jason', name='Lebron', age=300, number=101}, User{id=157, surname='Block', name='Stephen', age=30, number=102}, User{id=159, surname='Jason', name='Lebron', age=29, number=103}]
2018-10-06 00:52:01,513 INFO  - user opened the option2 page
2018-10-06 00:52:08,778 ERROR - "Users had been saved"
2018-10-06 00:52:19,286 ERROR - "Users had been saved"
2018-10-06 00:52:42,204 INFO  - user opened the option2 page
2018-10-06 00:52:50,590 ERROR - "Users had been saved"
2018-10-06 00:53:38,781 ERROR - "Users had been saved"
2018-10-06 00:53:41,031 INFO  - user opened the option2 page
2018-10-06 00:53:47,075 ERROR - "Users had been saved"
2018-10-06 00:54:21,679 INFO  - user opened the option2 page
2018-10-06 00:54:28,338 ERROR - "Users had been saved"
2018-10-06 00:55:12,707 INFO  - user opened the option2 page
2018-10-06 00:55:19,573 ERROR - "Users had been saved"
2018-10-06 00:59:36,067 INFO  - user opened the option2 page
2018-10-06 00:59:39,245 INFO  - all users:[User{id=158, surname='ads', name='asd', age=12, number=98}, User{id=156, surname='Carry', name='Stephen', age=30, number=99}, User{id=5, surname='Bure', name='Pavel', age=29, number=100}, User{id=50, surname='Jason', name='Lebron', age=300, number=101}, User{id=157, surname='Block', name='Stephen', age=30, number=102}, User{id=159, surname='Jason', name='Lebron', age=29, number=103}]
2018-10-06 01:00:30,355 INFO  - user opened the option2 page
2018-10-06 01:00:33,688 INFO  - all users:[User{id=158, surname='ads', name='asd', age=12, number=98}, User{id=156, surname='Carry', name='Stephen', age=30, number=99}, User{id=5, surname='Bure', name='Pavel', age=29, number=100}, User{id=50, surname='Jason', name='Lebron', age=300, number=101}, User{id=157, surname='Block', name='Stephen', age=30, number=102}, User{id=159, surname='Jason', name='Lebron', age=29, number=103}]
2018-10-06 01:00:40,933 ERROR - "Users had been saved"
2018-10-06 01:00:47,852 INFO  - all users:[User{id=158, surname='ads', name='asd', age=12, number=98}, User{id=156, surname='Carry', name='Stephen', age=30, number=99}, User{id=5, surname='Bure', name='Pavel', age=29, number=100}, User{id=50, surname='Jason', name='Lebron', age=300, number=101}, User{id=157, surname='Block', name='Stephen', age=30, number=102}, User{id=159, surname='Jason', name='Lebron', age=29, number=103}]
2018-10-06 01:01:59,681 INFO  - user opened the option2 page
2018-10-06 01:02:02,596 INFO  - all users:[User{id=158, surname='ads', name='asd', age=12, number=98}, User{id=156, surname='Carry', name='Stephen', age=30, number=99}, User{id=5, surname='Bure', name='Pavel', age=29, number=100}, User{id=50, surname='Jason', name='Lebron', age=300, number=101}, User{id=157, surname='Block', name='Stephen', age=30, number=102}, User{id=159, surname='Jason', name='Lebron', age=29, number=103}]
2018-10-06 01:02:05,597 ERROR - "Users had been saved"
2018-10-06 01:02:10,314 INFO  - all users:[User{id=158, surname='ads', name='asd', age=12, number=98}, User{id=156, surname='Carry', name='Stephen', age=30, number=99}, User{id=5, surname='Bure', name='Pavel', age=29, number=100}, User{id=50, surname='Jason', name='Lebron', age=300, number=101}, User{id=157, surname='Block', name='Stephen', age=30, number=102}, User{id=159, surname='Jason', name='Lebron', age=29, number=103}]
2018-10-06 01:02:15,058 ERROR - "Users had been saved"
2018-10-06 01:02:18,987 INFO  - all users:[User{id=158, surname='ads', name='asd', age=12, number=98}, User{id=156, surname='Carry', name='Stephen', age=30, number=99}, User{id=5, surname='Bure', name='Pavel', age=29, number=100}, User{id=50, surname='Jason', name='Lebron', age=300, number=101}, User{id=157, surname='Block', name='Stephen', age=30, number=102}, User{id=159, surname='Jason', name='Lebron', age=29, number=103}]
2018-10-06 01:02:39,631 ERROR - "Users had been saved"
2018-10-06 01:02:41,874 INFO  - all users:[User{id=158, surname='ads', name='asd', age=12, number=98}, User{id=156, surname='Carry', name='Stephen', age=30, number=99}, User{id=5, surname='Bure', name='Pavel', age=29, number=100}, User{id=50, surname='Jason', name='Lebron', age=300, number=101}, User{id=157, surname='Block', name='Stephen', age=30, number=102}, User{id=159, surname='Jason', name='Lebron', age=29, number=103}]
2018-10-06 01:02:43,175 INFO  - user opened the option2 page
2018-10-06 01:02:44,893 INFO  - all users:[User{id=158, surname='ads', name='asd', age=12, number=98}, User{id=156, surname='Carry', name='Stephen', age=30, number=99}, User{id=5, surname='Bure', name='Pavel', age=29, number=100}, User{id=50, surname='Jason', name='Lebron', age=300, number=101}, User{id=157, surname='Block', name='Stephen', age=30, number=102}, User{id=159, surname='Jason', name='Lebron', age=29, number=103}]
2018-10-06 01:02:46,752 ERROR - "Users had been saved"
2018-10-06 01:02:48,310 INFO  - all users:[User{id=158, surname='ads', name='asd', age=12, number=98}, User{id=156, surname='Carry', name='Stephen', age=30, number=99}, User{id=5, surname='Bure', name='Pavel', age=29, number=100}, User{id=50, surname='Jason', name='Lebron', age=300, number=101}, User{id=157, surname='Block', name='Stephen', age=30, number=102}, User{id=159, surname='Jason', name='Lebron', age=29, number=103}]
2018-10-06 01:03:37,716 ERROR - "Users had been saved"
2018-10-06 01:03:38,953 INFO  - all users:[User{id=158, surname='ads', name='asd', age=12, number=98}, User{id=156, surname='Carry', name='Stephen', age=30, number=99}, User{id=5, surname='Bure', name='Pavel', age=29, number=100}, User{id=50, surname='Jason', name='Lebron', age=300, number=101}, User{id=157, surname='Block', name='Stephen', age=30, number=102}, User{id=159, surname='Jason', name='Lebron', age=29, number=103}]
2018-10-06 01:05:48,854 DEBUG - Logging Provider: org.jboss.logging.Log4jLoggerProvider
2018-10-06 01:06:12,586 INFO  - all users:[User{id=158, surname='ads', name='asd', age=12, number=98}, User{id=156, surname='Carry', name='Stephen', age=30, number=99}, User{id=5, surname='Bure', name='Pavel', age=29, number=100}, User{id=50, surname='Jason', name='Lebron', age=300, number=101}, User{id=157, surname='Block', name='Stephen', age=30, number=102}, User{id=159, surname='Jason', name='Lebron', age=29, number=103}]
2018-10-06 01:30:13,857 INFO  - user opened the option2 page
2018-10-06 01:30:16,563 INFO  - all users:[User{id=158, surname='ads', name='asd', age=12, number=98}, User{id=156, surname='Carry', name='Stephen', age=30, number=99}, User{id=5, surname='Bure', name='Pavel', age=29, number=100}, User{id=50, surname='Jason', name='Lebron', age=300, number=101}, User{id=157, surname='Block', name='Stephen', age=30, number=102}, User{id=159, surname='Jason', name='Lebron', age=29, number=103}]
2018-10-06 01:30:19,690 ERROR - [{"name":"","surname":"","age":""}]
2018-10-06 01:30:23,995 INFO  - all users:[User{id=158, surname='ads', name='asd', age=12, number=98}, User{id=156, surname='Carry', name='Stephen', age=30, number=99}, User{id=5, surname='Bure', name='Pavel', age=29, number=100}, User{id=50, surname='Jason', name='Lebron', age=300, number=101}, User{id=157, surname='Block', name='Stephen', age=30, number=102}, User{id=159, surname='Jason', name='Lebron', age=29, number=103}]
2018-10-06 01:30:29,161 ERROR - [{"name":"","surname":"","age":""}]
2018-10-06 01:30:38,125 INFO  - all users:[User{id=158, surname='ads', name='asd', age=12, number=98}, User{id=156, surname='Carry', name='Stephen', age=30, number=99}, User{id=5, surname='Bure', name='Pavel', age=29, number=100}, User{id=50, surname='Jason', name='Lebron', age=300, number=101}, User{id=157, surname='Block', name='Stephen', age=30, number=102}, User{id=159, surname='Jason', name='Lebron', age=29, number=103}]
2018-10-06 01:31:00,269 ERROR - [{"name":"Mikalai Sniahurski","surname":"asdf","age":"29"}]
2018-10-06 01:31:02,441 INFO  - all users:[User{id=158, surname='ads', name='asd', age=12, number=98}, User{id=156, surname='Carry', name='Stephen', age=30, number=99}, User{id=5, surname='Bure', name='Pavel', age=29, number=100}, User{id=50, surname='Jason', name='Lebron', age=300, number=101}, User{id=157, surname='Block', name='Stephen', age=30, number=102}, User{id=159, surname='Jason', name='Lebron', age=29, number=103}]
2018-10-06 01:31:35,339 ERROR - [{"name":"Mikalai Sniahurski","surname":"asdf","age":"29"}]
2018-10-06 01:31:37,132 INFO  - all users:[User{id=158, surname='ads', name='asd', age=12, number=98}, User{id=156, surname='Carry', name='Stephen', age=30, number=99}, User{id=5, surname='Bure', name='Pavel', age=29, number=100}, User{id=50, surname='Jason', name='Lebron', age=300, number=101}, User{id=157, surname='Block', name='Stephen', age=30, number=102}, User{id=159, surname='Jason', name='Lebron', age=29, number=103}]
2018-10-06 01:32:00,359 INFO  - user opened the option2 page
2018-10-06 01:32:02,744 INFO  - all users:[User{id=158, surname='ads', name='asd', age=12, number=98}, User{id=156, surname='Carry', name='Stephen', age=30, number=99}, User{id=5, surname='Bure', name='Pavel', age=29, number=100}, User{id=50, surname='Jason', name='Lebron', age=300, number=101}, User{id=157, surname='Block', name='Stephen', age=30, number=102}, User{id=159, surname='Jason', name='Lebron', age=29, number=103}]
2018-10-06 01:32:07,586 ERROR - [{"name":"Mikalai Sniahurski","surname":"","age":""}]
2018-10-06 01:32:10,255 INFO  - all users:[User{id=158, surname='ads', name='asd', age=12, number=98}, User{id=156, surname='Carry', name='Stephen', age=30, number=99}, User{id=5, surname='Bure', name='Pavel', age=29, number=100}, User{id=50, surname='Jason', name='Lebron', age=300, number=101}, User{id=157, surname='Block', name='Stephen', age=30, number=102}, User{id=159, surname='Jason', name='Lebron', age=29, number=103}]
2018-10-06 01:34:23,237 ERROR - [{"name":"Mikalai Sniahurski","surname":"","age":""}]
2018-10-06 01:34:25,067 INFO  - all users:[User{id=158, surname='ads', name='asd', age=12, number=98}, User{id=156, surname='Carry', name='Stephen', age=30, number=99}, User{id=5, surname='Bure', name='Pavel', age=29, number=100}, User{id=50, surname='Jason', name='Lebron', age=300, number=101}, User{id=157, surname='Block', name='Stephen', age=30, number=102}, User{id=159, surname='Jason', name='Lebron', age=29, number=103}]
2018-10-06 01:34:26,323 INFO  - user opened the option2 page
2018-10-06 01:34:28,890 INFO  - all users:[User{id=158, surname='ads', name='asd', age=12, number=98}, User{id=156, surname='Carry', name='Stephen', age=30, number=99}, User{id=5, surname='Bure', name='Pavel', age=29, number=100}, User{id=50, surname='Jason', name='Lebron', age=300, number=101}, User{id=157, surname='Block', name='Stephen', age=30, number=102}, User{id=159, surname='Jason', name='Lebron', age=29, number=103}]
2018-10-06 01:34:31,377 ERROR - []
2018-10-06 01:34:33,174 INFO  - all users:[User{id=158, surname='ads', name='asd', age=12, number=98}, User{id=156, surname='Carry', name='Stephen', age=30, number=99}, User{id=5, surname='Bure', name='Pavel', age=29, number=100}, User{id=50, surname='Jason', name='Lebron', age=300, number=101}, User{id=157, surname='Block', name='Stephen', age=30, number=102}, User{id=159, surname='Jason', name='Lebron', age=29, number=103}]
2018-10-06 01:34:36,149 ERROR - [{"name":"","surname":"","age":""}]
2018-10-06 01:34:38,378 INFO  - all users:[User{id=158, surname='ads', name='asd', age=12, number=98}, User{id=156, surname='Carry', name='Stephen', age=30, number=99}, User{id=5, surname='Bure', name='Pavel', age=29, number=100}, User{id=50, surname='Jason', name='Lebron', age=300, number=101}, User{id=157, surname='Block', name='Stephen', age=30, number=102}, User{id=159, surname='Jason', name='Lebron', age=29, number=103}]
2018-10-06 01:34:41,778 ERROR - [{"name":"Mikalai Sniahurski","surname":"","age":""}]
2018-10-06 01:34:45,665 INFO  - all users:[User{id=158, surname='ads', name='asd', age=12, number=98}, User{id=156, surname='Carry', name='Stephen', age=30, number=99}, User{id=5, surname='Bure', name='Pavel', age=29, number=100}, User{id=50, surname='Jason', name='Lebron', age=300, number=101}, User{id=157, surname='Block', name='Stephen', age=30, number=102}, User{id=159, surname='Jason', name='Lebron', age=29, number=103}]
2018-10-06 01:35:00,320 ERROR - [{"name":"asddasd","surname":"","age":""},{"name":"Mikalai Sniahurski","surname":"","age":""}]
2018-10-06 01:35:07,248 INFO  - all users:[User{id=158, surname='ads', name='asd', age=12, number=98}, User{id=156, surname='Carry', name='Stephen', age=30, number=99}, User{id=5, surname='Bure', name='Pavel', age=29, number=100}, User{id=50, surname='Jason', name='Lebron', age=300, number=101}, User{id=157, surname='Block', name='Stephen', age=30, number=102}, User{id=159, surname='Jason', name='Lebron', age=29, number=103}]
